Using pre-set license
Built from '2021.3/staging' branch; Version is '2021.3.26f1 (a16dc32e0ff2) revision 10579395'; Using compiler version '192829333'; Build Type 'Release'
OS: 'Windows 11  (10.0.22631) 64bit Core' Language: 'cs' Physical Memory: 32608 MB
BatchMode: 1, IsHumanControllingUs: 0, StartBugReporterOnCrash: 0, Is64bit: 1, IsPro: 1

COMMAND LINE ARGUMENTS:
C:\Program Files\Unity\Hub\Editor\2021.3.26f1\Editor\Unity.exe
-adb2
-batchMode
-noUpm
-name
AssetImportWorker2
-projectPath
C:/Users/popa4/geoStuff
-logFile
Logs/AssetImportWorker2.log
-srvPort
53630
Successfully changed project path to: C:/Users/popa4/geoStuff
C:/Users/popa4/geoStuff
[UnityMemory] Configuration Parameters - Can be set up in boot.config
    "memorysetup-bucket-allocator-granularity=16"
    "memorysetup-bucket-allocator-bucket-count=8"
    "memorysetup-bucket-allocator-block-size=33554432"
    "memorysetup-bucket-allocator-block-count=8"
    "memorysetup-main-allocator-block-size=16777216"
    "memorysetup-thread-allocator-block-size=16777216"
    "memorysetup-gfx-main-allocator-block-size=16777216"
    "memorysetup-gfx-thread-allocator-block-size=16777216"
    "memorysetup-cache-allocator-block-size=4194304"
    "memorysetup-typetree-allocator-block-size=2097152"
    "memorysetup-profiler-bucket-allocator-granularity=16"
    "memorysetup-profiler-bucket-allocator-bucket-count=8"
    "memorysetup-profiler-bucket-allocator-block-size=33554432"
    "memorysetup-profiler-bucket-allocator-block-count=8"
    "memorysetup-profiler-allocator-block-size=16777216"
    "memorysetup-profiler-editor-allocator-block-size=1048576"
    "memorysetup-temp-allocator-size-main=16777216"
    "memorysetup-job-temp-allocator-block-size=2097152"
    "memorysetup-job-temp-allocator-block-size-background=1048576"
    "memorysetup-job-temp-allocator-reduction-small-platforms=262144"
    "memorysetup-temp-allocator-size-background-worker=32768"
    "memorysetup-temp-allocator-size-job-worker=262144"
    "memorysetup-temp-allocator-size-preload-manager=33554432"
    "memorysetup-temp-allocator-size-nav-mesh-worker=65536"
    "memorysetup-temp-allocator-size-audio-worker=65536"
    "memorysetup-temp-allocator-size-cloud-worker=32768"
    "memorysetup-temp-allocator-size-gi-baking-worker=262144"
    "memorysetup-temp-allocator-size-gfx=262144"
Player connection [19372] Host "[IP] 10.0.1.103 [Port] 0 [Flags] 2 [Guid] 1680670678 [EditorId] 1680670678 [Version] 1048832 [Id] WindowsEditor(7,DESKTOP-FL52RLF) [Debug] 1 [PackageName] WindowsEditor [ProjectName] Editor" joined multi-casting on [225.0.0.222:54997]...

Player connection [19372] Host "[IP] 10.0.1.103 [Port] 0 [Flags] 2 [Guid] 1680670678 [EditorId] 1680670678 [Version] 1048832 [Id] WindowsEditor(7,DESKTOP-FL52RLF) [Debug] 1 [PackageName] WindowsEditor [ProjectName] Editor" joined alternative multi-casting on [225.0.0.222:34997]...

Refreshing native plugins compatible for Editor in 53.85 ms, found 3 plugins.
Preloading 0 native plugins for Editor in 0.00 ms.
Initialize engine version: 2021.3.26f1 (a16dc32e0ff2)
[Subsystems] Discovering subsystems at path C:/Program Files/Unity/Hub/Editor/2021.3.26f1/Editor/Data/Resources/UnitySubsystems
[Subsystems] Discovering subsystems at path C:/Users/popa4/geoStuff/Assets
GfxDevice: creating device client; threaded=0; jobified=0
Direct3D:
    Version:  Direct3D 11.0 [level 11.1]
    Renderer: Intel(R) Arc(TM) A770 Graphics (ID=0x56a0)
    Vendor:   Intel
    VRAM:     16256 MB
    Driver:   31.0.101.4953
Initialize mono
Mono path[0] = 'C:/Program Files/Unity/Hub/Editor/2021.3.26f1/Editor/Data/Managed'
Mono path[1] = 'C:/Program Files/Unity/Hub/Editor/2021.3.26f1/Editor/Data/MonoBleedingEdge/lib/mono/unityjit-win32'
Mono config path = 'C:/Program Files/Unity/Hub/Editor/2021.3.26f1/Editor/Data/MonoBleedingEdge/etc'
Using monoOptions --debugger-agent=transport=dt_socket,embedding=1,server=y,suspend=n,address=127.0.0.1:56348
Begin MonoManager ReloadAssembly
Registering precompiled unity dll's ...
Register platform support module: C:/Program Files/Unity/Hub/Editor/2021.3.26f1/Editor/Data/PlaybackEngines/WebGLSupport/UnityEditor.WebGL.Extensions.dll
Register platform support module: C:/Program Files/Unity/Hub/Editor/2021.3.26f1/Editor/Data/PlaybackEngines/WindowsStandaloneSupport/UnityEditor.WindowsStandalone.Extensions.dll
Registered in 0.004743 seconds.
Native extension for WindowsStandalone target not found
Native extension for WebGL target not found
Refreshing native plugins compatible for Editor in 51.91 ms, found 3 plugins.
Preloading 0 native plugins for Editor in 0.00 ms.
Mono: successfully reloaded assembly
- Completed reload, in  0.480 seconds
Domain Reload Profiling:
	ReloadAssembly (480ms)
		BeginReloadAssembly (77ms)
			ExecutionOrderSort (0ms)
			DisableScriptedObjects (0ms)
			BackupInstance (0ms)
			ReleaseScriptingObjects (0ms)
			CreateAndSetChildDomain (1ms)
		EndReloadAssembly (328ms)
			LoadAssemblies (76ms)
			RebuildTransferFunctionScriptingTraits (0ms)
			SetupTypeCache (74ms)
			ReleaseScriptCaches (0ms)
			RebuildScriptCaches (19ms)
			SetupLoadedEditorAssemblies (197ms)
				LogAssemblyErrors (0ms)
				InitializePlatformSupportModulesInManaged (7ms)
				SetLoadedEditorAssemblies (0ms)
				RefreshPlugins (52ms)
				BeforeProcessingInitializeOnLoad (1ms)
				ProcessInitializeOnLoadAttributes (104ms)
				ProcessInitializeOnLoadMethodAttributes (33ms)
				AfterProcessingInitializeOnLoad (0ms)
				EditorAssembliesLoaded (0ms)
			ExecutionOrderSort2 (0ms)
			AwakeInstancesAfterBackupRestoration (0ms)
Platform modules already initialized, skipping
Registering precompiled user dll's ...
Registered in 0.003182 seconds.
Begin MonoManager ReloadAssembly
Symbol file LoadedFromMemory doesn't match image C:\Users\popa4\geoStuff\Library\PackageCache\com.unity.visualscripting@1.8.0\Editor\VisualScripting.Core\Dependencies\YamlDotNet\Unity.VisualScripting.YamlDotNet.dll
Symbol file LoadedFromMemory doesn't match image C:\Users\popa4\geoStuff\Library\PackageCache\com.unity.visualscripting@1.8.0\Editor\VisualScripting.Core\Dependencies\DotNetZip\Unity.VisualScripting.IonicZip.dll
Native extension for WindowsStandalone target not found
Native extension for WebGL target not found
Refreshing native plugins compatible for Editor in 0.65 ms, found 3 plugins.
Preloading 0 native plugins for Editor in 0.00 ms.
Mono: successfully reloaded assembly
- Completed reload, in  0.855 seconds
Domain Reload Profiling:
	ReloadAssembly (856ms)
		BeginReloadAssembly (108ms)
			ExecutionOrderSort (0ms)
			DisableScriptedObjects (6ms)
			BackupInstance (0ms)
			ReleaseScriptingObjects (0ms)
			CreateAndSetChildDomain (16ms)
		EndReloadAssembly (653ms)
			LoadAssemblies (85ms)
			RebuildTransferFunctionScriptingTraits (0ms)
			SetupTypeCache (215ms)
			ReleaseScriptCaches (0ms)
			RebuildScriptCaches (44ms)
			SetupLoadedEditorAssemblies (289ms)
				LogAssemblyErrors (0ms)
				InitializePlatformSupportModulesInManaged (8ms)
				SetLoadedEditorAssemblies (2ms)
				RefreshPlugins (1ms)
				BeforeProcessingInitializeOnLoad (63ms)
				ProcessInitializeOnLoadAttributes (196ms)
				ProcessInitializeOnLoadMethodAttributes (14ms)
				AfterProcessingInitializeOnLoad (5ms)
				EditorAssembliesLoaded (0ms)
			ExecutionOrderSort2 (0ms)
			AwakeInstancesAfterBackupRestoration (5ms)
Platform modules already initialized, skipping
========================================================================
Worker process is ready to serve import requests
Launched and connected shader compiler UnityShaderCompiler.exe after 0.03 seconds
Refreshing native plugins compatible for Editor in 0.38 ms, found 3 plugins.
Preloading 0 native plugins for Editor in 0.00 ms.
Unloading 3642 Unused Serialized files (Serialized files now loaded: 0)
Unloading 37 unused Assets / (169.0 KB). Loaded Objects now: 4108.
Memory consumption went from 136.0 MB to 135.9 MB.
Total: 2.264100 ms (FindLiveObjects: 0.167000 ms CreateObjectMapping: 0.086500 ms MarkObjects: 1.906200 ms  DeleteObjects: 0.103500 ms)

AssetImportParameters requested are different than current active one (requested -> active):
  custom:video-decoder-ogg-theora: a1e56fd34408186e4bbccfd4996cb3dc -> 
  custom:container-muxer-webm: aa71ff27fc2769a1b78a27578f13a17b -> 
  custom:container-demuxer-webm: 4f35f7cbe854078d1ac9338744f61a02 -> 
  custom:video-encoder-webm-vp8: eb34c28f22e8b96e1ab97ce403110664 -> 
  custom:video-codec-MediaFoundation-h265: 746d11721c4dcdbdad8f713fa42b33f4 -> 
  custom:audio-encoder-webm-vorbis: bf7c407c2cedff20999df2af8eb42d56 -> 
  custom:framework-win-MediaFoundation: 216162199b28c13a410421893ffa2e32 -> 
  custom:container-demuxer-ogg: 62fdf1f143b41e24485cea50d1cbac27 -> 
  custom:video-decoder-webm-vp8: 9c59270c3fd7afecdb556c50c9e8de78 -> 
  custom:audio-decoder-ogg-vorbis: bf7c407c2cedff20999df2af8eb42d56 -> 
========================================================================
Received Import Request.
  Time since last request: 242467.027583 seconds.
  path: Assets/gradient.png
  artifactKey: Guid(8b7eeb12c84fb054480fadf0065013e7) Importer(815301076,1909f56bfc062723c751e8b465ee728b)
Start importing Assets/gradient.png using Guid(8b7eeb12c84fb054480fadf0065013e7) Importer(815301076,1909f56bfc062723c751e8b465ee728b)  -> (artifact id: '3726621aad594a5dd30b7bcfb4919b8c') in 0.078076 seconds 
========================================================================
Received Import Request.
  Time since last request: 2.919868 seconds.
  path: Assets/gradient.png
  artifactKey: Guid(8b7eeb12c84fb054480fadf0065013e7) Importer(815301076,1909f56bfc062723c751e8b465ee728b)
Start importing Assets/gradient.png using Guid(8b7eeb12c84fb054480fadf0065013e7) Importer(815301076,1909f56bfc062723c751e8b465ee728b)  -> (artifact id: 'f5ff6287aa52752dcbbba1c09f05d0ee') in 0.128062 seconds 
========================================================================
Received Import Request.
  Time since last request: 1378.387118 seconds.
  path: Assets/Libraries/Plugins/SimpleFileBrowser/Sprites/FileIcons/VideoFileIcon.png
  artifactKey: Guid(53a62df1d392a10498ec79719f8eef1f) Importer(815301076,1909f56bfc062723c751e8b465ee728b)
Start importing Assets/Libraries/Plugins/SimpleFileBrowser/Sprites/FileIcons/VideoFileIcon.png using Guid(53a62df1d392a10498ec79719f8eef1f) Importer(815301076,1909f56bfc062723c751e8b465ee728b)  -> (artifact id: '71c6dd304acb200ad6895f0b848dfd84') in 0.014467 seconds 
========================================================================
Received Import Request.
  Time since last request: 0.000023 seconds.
  path: Assets/Libraries/Plugins/SimpleFileBrowser/Sprites/FileIcons/TextFileIcon.png
  artifactKey: Guid(d06b8cf70dff2fe418249a6276f9ff70) Importer(815301076,1909f56bfc062723c751e8b465ee728b)
Start importing Assets/Libraries/Plugins/SimpleFileBrowser/Sprites/FileIcons/TextFileIcon.png using Guid(d06b8cf70dff2fe418249a6276f9ff70) Importer(815301076,1909f56bfc062723c751e8b465ee728b)  -> (artifact id: '8e313f6dfa2e416e8eb238468084249f') in 0.020351 seconds 
========================================================================
Received Import Request.
  Time since last request: 0.001573 seconds.
  path: Assets/Libraries/Plugins/SimpleFileBrowser/Sprites/SimpleFileBrowserSlicedBackground2.psd
  artifactKey: Guid(6ff773ea42aedd04c8bb96a1fe9a73b8) Importer(815301076,1909f56bfc062723c751e8b465ee728b)
Start importing Assets/Libraries/Plugins/SimpleFileBrowser/Sprites/SimpleFileBrowserSlicedBackground2.psd using Guid(6ff773ea42aedd04c8bb96a1fe9a73b8) Importer(815301076,1909f56bfc062723c751e8b465ee728b)  -> (artifact id: '397912f6f9edd4201d79eb0d7638a46a') in 0.017350 seconds 
========================================================================
Received Import Request.
  Time since last request: 0.000024 seconds.
  path: Assets/Libraries/Plugins/SimpleFileBrowser/Sprites/SimpleFileBrowserSlicedBackground3.psd
  artifactKey: Guid(b9c5fedc997f125448c4d8be2fc43bcd) Importer(815301076,1909f56bfc062723c751e8b465ee728b)
Start importing Assets/Libraries/Plugins/SimpleFileBrowser/Sprites/SimpleFileBrowserSlicedBackground3.psd using Guid(b9c5fedc997f125448c4d8be2fc43bcd) Importer(815301076,1909f56bfc062723c751e8b465ee728b)  -> (artifact id: 'd814edc43c9572a7227494d6bb87aecc') in 0.015402 seconds 
========================================================================
Received Import Request.
  Time since last request: 0.000028 seconds.
  path: Assets/Libraries/Plugins/SimpleFileBrowser/Sprites/SimpleFileBrowserDrag.psd
  artifactKey: Guid(285f1e681b119ce48ae469448241360b) Importer(815301076,1909f56bfc062723c751e8b465ee728b)
Start importing Assets/Libraries/Plugins/SimpleFileBrowser/Sprites/SimpleFileBrowserDrag.psd using Guid(285f1e681b119ce48ae469448241360b) Importer(815301076,1909f56bfc062723c751e8b465ee728b)  -> (artifact id: 'edc00a329c61e1f725734d3d17e804c6') in 0.011061 seconds 
========================================================================
Received Import Request.
  Time since last request: 0.000018 seconds.
  path: Assets/Libraries/Plugins/SimpleFileBrowser/Sprites/SimpleFileBrowserSlicedBackground1.psd
  artifactKey: Guid(f668f62689b67d242ad33ff665594344) Importer(815301076,1909f56bfc062723c751e8b465ee728b)
Start importing Assets/Libraries/Plugins/SimpleFileBrowser/Sprites/SimpleFileBrowserSlicedBackground1.psd using Guid(f668f62689b67d242ad33ff665594344) Importer(815301076,1909f56bfc062723c751e8b465ee728b)  -> (artifact id: 'cfd299420a8ff8cf19038db1a1458107') in 0.013373 seconds 
========================================================================
Received Import Request.
  Time since last request: 0.000020 seconds.
  path: Assets/Libraries/Plugins/SimpleFileBrowser/Sprites/SimpleFileBrowserSlicedBackground4.psd
  artifactKey: Guid(90bee1ddeeef38a4f860f96b5510c136) Importer(815301076,1909f56bfc062723c751e8b465ee728b)
Start importing Assets/Libraries/Plugins/SimpleFileBrowser/Sprites/SimpleFileBrowserSlicedBackground4.psd using Guid(90bee1ddeeef38a4f860f96b5510c136) Importer(815301076,1909f56bfc062723c751e8b465ee728b)  -> (artifact id: '2651cd5a9cce9a720973c8daadffb0ea') in 0.011690 seconds 
========================================================================
Received Import Request.
  Time since last request: 0.982235 seconds.
  path: Assets/Libraries/Plugins/SimpleFileBrowser/Sprites/MultiSelectionToggleOn.psd
  artifactKey: Guid(30a2566f94f937b4998542121050e68b) Importer(815301076,1909f56bfc062723c751e8b465ee728b)
Start importing Assets/Libraries/Plugins/SimpleFileBrowser/Sprites/MultiSelectionToggleOn.psd using Guid(30a2566f94f937b4998542121050e68b) Importer(815301076,1909f56bfc062723c751e8b465ee728b)  -> (artifact id: '9d0432801abc646fa6abb35f32ffa3dc') in 0.012164 seconds 
========================================================================
Received Import Request.
  Time since last request: 0.016702 seconds.
  path: Assets/Libraries/Plugins/SimpleFileBrowser/Sprites/FileIcons/ImageFileIcon.png
  artifactKey: Guid(93482309cf79cef4a9ed8464c560334b) Importer(815301076,1909f56bfc062723c751e8b465ee728b)
Start importing Assets/Libraries/Plugins/SimpleFileBrowser/Sprites/FileIcons/ImageFileIcon.png using Guid(93482309cf79cef4a9ed8464c560334b) Importer(815301076,1909f56bfc062723c751e8b465ee728b)  -> (artifact id: 'bdf742aad4cea2a5151703196cffcd92') in 0.012910 seconds 
========================================================================
Received Import Request.
  Time since last request: 0.000590 seconds.
  path: Assets/Libraries/Plugins/SimpleFileBrowser/Sprites/FileIcons/ExecutableIcon.png
  artifactKey: Guid(c1e1f7ef76f59f54bbde5162f2709794) Importer(815301076,1909f56bfc062723c751e8b465ee728b)
Start importing Assets/Libraries/Plugins/SimpleFileBrowser/Sprites/FileIcons/ExecutableIcon.png using Guid(c1e1f7ef76f59f54bbde5162f2709794) Importer(815301076,1909f56bfc062723c751e8b465ee728b)  -> (artifact id: 'a3f93624c92b79cf737efd8a7c0da0bb') in 0.017126 seconds 
========================================================================
Received Import Request.
  Time since last request: 0.000020 seconds.
  path: Assets/Libraries/Plugins/SimpleFileBrowser/Sprites/ForwardArrow.psd
  artifactKey: Guid(130f660889a70c947bff4c8ba8a2c73e) Importer(815301076,1909f56bfc062723c751e8b465ee728b)
Start importing Assets/Libraries/Plugins/SimpleFileBrowser/Sprites/ForwardArrow.psd using Guid(130f660889a70c947bff4c8ba8a2c73e) Importer(815301076,1909f56bfc062723c751e8b465ee728b)  -> (artifact id: '5ec54a2e4e7510571e7b0d120025681f') in 0.017951 seconds 
========================================================================
Received Import Request.
  Time since last request: 0.000017 seconds.
  path: Assets/Libraries/Plugins/SimpleFileBrowser/Sprites/ErrorIcon.psd
  artifactKey: Guid(01b10cc2da49f7442ba6525072e1f86a) Importer(815301076,1909f56bfc062723c751e8b465ee728b)
Start importing Assets/Libraries/Plugins/SimpleFileBrowser/Sprites/ErrorIcon.psd using Guid(01b10cc2da49f7442ba6525072e1f86a) Importer(815301076,1909f56bfc062723c751e8b465ee728b)  -> (artifact id: '688ebe2831fd9addc7b47afef7f22d57') in 0.015781 seconds 
========================================================================
Received Import Request.
  Time since last request: 0.000016 seconds.
  path: Assets/Libraries/Plugins/SimpleFileBrowser/Sprites/FileIcons/AudioFileIcon.png
  artifactKey: Guid(293ea6a99c4ba134cae49556942ee0ff) Importer(815301076,1909f56bfc062723c751e8b465ee728b)
Start importing Assets/Libraries/Plugins/SimpleFileBrowser/Sprites/FileIcons/AudioFileIcon.png using Guid(293ea6a99c4ba134cae49556942ee0ff) Importer(815301076,1909f56bfc062723c751e8b465ee728b)  -> (artifact id: '5b8c81b2dbc7000b4d7e8544f4500023') in 0.014970 seconds 
Editor requested this worker to shutdown with reason: Scaling down because of idle timeout
AssetImportWorker is now disconnected from the server
Process exiting
Exiting without the bug reporter. Application will terminate with return code 0